# JRE version: OpenJDK Runtime Environment (8.0_76-b03) (build 1.8.0_76-release-b03)
# Java VM: OpenJDK 64-Bit Server VM (25.76-b03 mixed mode windows-amd64 compressed oops)
Heap:
 PSYoungGen      total 88064K, used 71455K [0x00000000eab00000, 0x00000000f1480000, 0x0000000100000000)
  eden space 79872K, 85% used [0x00000000eab00000,0x00000000eedffe88,0x00000000ef900000)
  from space 8192K, 34% used [0x00000000f0100000,0x00000000f03c8010,0x00000000f0900000)
  to   space 8192K, 30% used [0x00000000ef900000,0x00000000efb78f70,0x00000000f0100000)
 ParOldGen       total 36352K, used 14387K [0x00000000c0000000, 0x00000000c2380000, 0x00000000eab00000)
  object space 36352K, 39% used [0x00000000c0000000,0x00000000c0e0cd48,0x00000000c2380000)
 Metaspace       used 32986K, capacity 33734K, committed 33968K, reserved 1081344K
  class space    used 4444K, capacity 4675K, committed 4784K, reserved 1048576K
GC Heap History (10 events):
Event: 53.853 GC heap after
Heap after GC invocations=7 (full 0):
 PSYoungGen      total 39936K, used 5789K [0x00000000eab00000, 0x00000000efa00000, 0x0000000100000000)
  eden space 32768K, 0% used [0x00000000eab00000,0x00000000eab00000,0x00000000ecb00000)
  from space 7168K, 80% used [0x00000000ecb00000,0x00000000ed0a75f0,0x00000000ed200000)
  to   space 7680K, 0% used [0x00000000ef280000,0x00000000ef280000,0x00000000efa00000)
 ParOldGen       total 44032K, used 8320K [0x00000000c0000000, 0x00000000c2b00000, 0x00000000eab00000)
  object space 44032K, 18% used [0x00000000c0000000,0x00000000c08202a0,0x00000000c2b00000)
 Metaspace       used 20882K, capacity 21280K, committed 21296K, reserved 1067008K
  class space    used 2720K, capacity 2852K, committed 2864K, reserved 1048576K
}
Event: 53.853 GC heap before
{Heap before GC invocations=8 (full 1):
 PSYoungGen      total 39936K, used 5789K [0x00000000eab00000, 0x00000000efa00000, 0x0000000100000000)
  eden space 32768K, 0% used [0x00000000eab00000,0x00000000eab00000,0x00000000ecb00000)
  from space 7168K, 80% used [0x00000000ecb00000,0x00000000ed0a75f0,0x00000000ed200000)
  to   space 7680K, 0% used [0x00000000ef280000,0x00000000ef280000,0x00000000efa00000)
 ParOldGen       total 44032K, used 8320K [0x00000000c0000000, 0x00000000c2b00000, 0x00000000eab00000)
  object space 44032K, 18% used [0x00000000c0000000,0x00000000c08202a0,0x00000000c2b00000)
 Metaspace       used 20882K, capacity 21280K, committed 21296K, reserved 1067008K
  class space    used 2720K, capacity 2852K, committed 2864K, reserved 1048576K
Event: 54.561 GC heap after
Heap after GC invocations=8 (full 1):
 PSYoungGen      total 39936K, used 0K [0x00000000eab00000, 0x00000000efa00000, 0x0000000100000000)
  eden space 32768K, 0% used [0x00000000eab00000,0x00000000eab00000,0x00000000ecb00000)
  from space 7168K, 0% used [0x00000000ecb00000,0x00000000ecb00000,0x00000000ed200000)
  to   space 7680K, 0% used [0x00000000ef280000,0x00000000ef280000,0x00000000efa00000)
 ParOldGen       total 36352K, used 10959K [0x00000000c0000000, 0x00000000c2380000, 0x00000000eab00000)
  object space 36352K, 30% used [0x00000000c0000000,0x00000000c0ab3d00,0x00000000c2380000)
 Metaspace       used 20882K, capacity 21280K, committed 21296K, reserved 1067008K
  class space    used 2720K, capacity 2852K, committed 2864K, reserved 1048576K
}
Event: 63.297 GC heap before
{Heap before GC invocations=9 (full 1):
 PSYoungGen      total 39936K, used 32768K [0x00000000eab00000, 0x00000000efa00000, 0x0000000100000000)
  eden space 32768K, 100% used [0x00000000eab00000,0x00000000ecb00000,0x00000000ecb00000)
  from space 7168K, 0% used [0x00000000ecb00000,0x00000000ecb00000,0x00000000ed200000)
  to   space 7680K, 0% used [0x00000000ef280000,0x00000000ef280000,0x00000000efa00000)
 ParOldGen       total 36352K, used 10959K [0x00000000c0000000, 0x00000000c2380000, 0x00000000eab00000)
  object space 36352K, 30% used [0x00000000c0000000,0x00000000c0ab3d00,0x00000000c2380000)
 Metaspace       used 23455K, capacity 24012K, committed 24368K, reserved 1071104K
  class space    used 3140K, capacity 3311K, committed 3376K, reserved 1048576K
Event: 63.565 GC heap after
Heap after GC invocations=9 (full 1):
 PSYoungGen      total 60416K, used 4416K [0x00000000eab00000, 0x00000000ef700000, 0x0000000100000000)
  eden space 55808K, 0% used [0x00000000eab00000,0x00000000eab00000,0x00000000ee180000)
  from space 4608K, 95% used [0x00000000ef280000,0x00000000ef6d0050,0x00000000ef700000)
  to   space 7168K, 0% used [0x00000000ee900000,0x00000000ee900000,0x00000000ef000000)
 ParOldGen       total 36352K, used 10959K [0x00000000c0000000, 0x00000000c2380000, 0x00000000eab00000)
  object space 36352K, 30% used [0x00000000c0000000,0x00000000c0ab3d00,0x00000000c2380000)
 Metaspace       used 23455K, capacity 24012K, committed 24368K, reserved 1071104K
  class space    used 3140K, capacity 3311K, committed 3376K, reserved 1048576K
}
Event: 71.821 GC heap before
{Heap before GC invocations=10 (full 1):
 PSYoungGen      total 60416K, used 60224K [0x00000000eab00000, 0x00000000ef700000, 0x0000000100000000)
  eden space 55808K, 100% used [0x00000000eab00000,0x00000000ee180000,0x00000000ee180000)
  from space 4608K, 95% used [0x00000000ef280000,0x00000000ef6d0050,0x00000000ef700000)
  to   space 7168K, 0% used [0x00000000ee900000,0x00000000ee900000,0x00000000ef000000)
 ParOldGen       total 36352K, used 10959K [0x00000000c0000000, 0x00000000c2380000, 0x00000000eab00000)
  object space 36352K, 30% used [0x00000000c0000000,0x00000000c0ab3d00,0x00000000c2380000)
 Metaspace       used 27921K, capacity 28538K, committed 28720K, reserved 1073152K
  class space    used 3849K, capacity 4027K, committed 4144K, reserved 1048576K
Event: 72.140 GC heap after
Heap after GC invocations=10 (full 1):
 PSYoungGen      total 70656K, used 7067K [0x00000000eab00000, 0x00000000f0900000, 0x0000000100000000)
  eden space 63488K, 0% used [0x00000000eab00000,0x00000000eab00000,0x00000000ee900000)
  from space 7168K, 98% used [0x00000000ee900000,0x00000000eefe6c20,0x00000000ef000000)
  to   space 8192K, 0% used [0x00000000f0100000,0x00000000f0100000,0x00000000f0900000)
 ParOldGen       total 36352K, used 10959K [0x00000000c0000000, 0x00000000c2380000, 0x00000000eab00000)
  object space 36352K, 30% used [0x00000000c0000000,0x00000000c0ab3d00,0x00000000c2380000)
 Metaspace       used 27921K, capacity 28538K, committed 28720K, reserved 1073152K
  class space    used 3849K, capacity 4027K, committed 4144K, reserved 1048576K
}
Event: 82.155 GC heap before
{Heap before GC invocations=11 (full 1):
 PSYoungGen      total 70656K, used 70555K [0x00000000eab00000, 0x00000000f0900000, 0x0000000100000000)
  eden space 63488K, 100% used [0x00000000eab00000,0x00000000ee900000,0x00000000ee900000)
  from space 7168K, 98% used [0x00000000ee900000,0x00000000eefe6c20,0x00000000ef000000)
  to   space 8192K, 0% used [0x00000000f0100000,0x00000000f0100000,0x00000000f0900000)
 ParOldGen       total 36352K, used 10959K [0x00000000c0000000, 0x00000000c2380000, 0x00000000eab00000)
  object space 36352K, 30% used [0x00000000c0000000,0x00000000c0ab3d00,0x00000000c2380000)
 Metaspace       used 28392K, capacity 29010K, committed 29232K, reserved 1075200K
  class space    used 3863K, capacity 4031K, committed 4144K, reserved 1048576K
Event: 82.594 GC heap after
Heap after GC invocations=11 (full 1):
 PSYoungGen      total 88064K, used 2848K [0x00000000eab00000, 0x00000000f1480000, 0x0000000100000000)
  eden space 79872K, 0% used [0x00000000eab00000,0x00000000eab00000,0x00000000ef900000)
  from space 8192K, 34% used [0x00000000f0100000,0x00000000f03c8010,0x00000000f0900000)
  to   space 8192K, 0% used [0x00000000ef900000,0x00000000ef900000,0x00000000f0100000)
 ParOldGen       total 36352K, used 12899K [0x00000000c0000000, 0x00000000c2380000, 0x00000000eab00000)
  object space 36352K, 35% used [0x00000000c0000000,0x00000000c0c98d38,0x00000000c2380000)
 Metaspace       used 28392K, capacity 29010K, committed 29232K, reserved 1075200K
  class space    used 3863K, capacity 4031K, committed 4144K, reserved 1048576K
}
Event: 95.912 GC heap before
{Heap before GC invocations=12 (full 1):
 PSYoungGen      total 88064K, used 71455K [0x00000000eab00000, 0x00000000f1480000, 0x0000000100000000)
  eden space 79872K, 85% used [0x00000000eab00000,0x00000000eedffe88,0x00000000ef900000)
  from space 8192K, 34% used [0x00000000f0100000,0x00000000f03c8010,0x00000000f0900000)
  to   space 8192K, 0% used [0x00000000ef900000,0x00000000ef900000,0x00000000f0100000)
 ParOldGen       total 36352K, used 12899K [0x00000000c0000000, 0x00000000c2380000, 0x00000000eab00000)
  object space 36352K, 35% used [0x00000000c0000000,0x00000000c0c98d38,0x00000000c2380000)
 Metaspace       used 32986K, capacity 33734K, committed 33968K, reserved 1081344K
  class space    used 4444K, capacity 4675K, committed 4784K, reserved 1048576K

