# JRE version: OpenJDK Runtime Environment (8.0_76-b03) (build 1.8.0_76-release-b03)
# Java VM: OpenJDK 64-Bit Server VM (25.76-b03 mixed mode windows-amd64 compressed oops)
Heap:
 PSYoungGen      total 326144K, used 21376K [0x00000000eab00000, 0x00000000ffd80000, 0x0000000100000000)
  eden space 305664K, 5% used [0x00000000eab00000,0x00000000ebad1f60,0x00000000fd580000)
  from space 20480K, 25% used [0x00000000fe980000,0x00000000fee8e490,0x00000000ffd80000)
  to   space 20480K, 0% used [0x00000000fd580000,0x00000000fd580000,0x00000000fe980000)
 ParOldGen       total 87040K, used 60302K [0x00000000c0000000, 0x00000000c5500000, 0x00000000eab00000)
  object space 87040K, 69% used [0x00000000c0000000,0x00000000c3ae39e0,0x00000000c5500000)
 Metaspace       used 71236K, capacity 74484K, committed 74672K, reserved 1114112K
  class space    used 9237K, capacity 9844K, committed 9904K, reserved 1048576K
GC Heap History (10 events):
Event: 633.133 GC heap before
{Heap before GC invocations=20 (full 5):
 PSYoungGen      total 323584K, used 80394K [0x00000000eab00000, 0x00000000ffe80000, 0x0000000100000000)
  eden space 301568K, 25% used [0x00000000eab00000,0x00000000ef615b78,0x00000000fd180000)
  from space 22016K, 15% used [0x00000000fe900000,0x00000000fec6cf28,0x00000000ffe80000)
  to   space 23040K, 0% used [0x00000000fd180000,0x00000000fd180000,0x00000000fe800000)
 ParOldGen       total 87040K, used 55035K [0x00000000c0000000, 0x00000000c5500000, 0x00000000eab00000)
  object space 87040K, 63% used [0x00000000c0000000,0x00000000c35beef8,0x00000000c5500000)
 Metaspace       used 68898K, capacity 71806K, committed 71984K, reserved 1112064K
  class space    used 8949K, capacity 9511K, committed 9520K, reserved 1048576K
Event: 633.146 GC heap after
Heap after GC invocations=20 (full 5):
 PSYoungGen      total 324608K, used 1869K [0x00000000eab00000, 0x00000000ffe80000, 0x0000000100000000)
  eden space 301568K, 0% used [0x00000000eab00000,0x00000000eab00000,0x00000000fd180000)
  from space 23040K, 8% used [0x00000000fd180000,0x00000000fd3534c0,0x00000000fe800000)
  to   space 23040K, 0% used [0x00000000fe800000,0x00000000fe800000,0x00000000ffe80000)
 ParOldGen       total 87040K, used 56655K [0x00000000c0000000, 0x00000000c5500000, 0x00000000eab00000)
  object space 87040K, 65% used [0x00000000c0000000,0x00000000c3753c28,0x00000000c5500000)
 Metaspace       used 68898K, capacity 71806K, committed 71984K, reserved 1112064K
  class space    used 8949K, capacity 9511K, committed 9520K, reserved 1048576K
}
Event: 633.146 GC heap before
{Heap before GC invocations=21 (full 6):
 PSYoungGen      total 324608K, used 1869K [0x00000000eab00000, 0x00000000ffe80000, 0x0000000100000000)
  eden space 301568K, 0% used [0x00000000eab00000,0x00000000eab00000,0x00000000fd180000)
  from space 23040K, 8% used [0x00000000fd180000,0x00000000fd3534c0,0x00000000fe800000)
  to   space 23040K, 0% used [0x00000000fe800000,0x00000000fe800000,0x00000000ffe80000)
 ParOldGen       total 87040K, used 56655K [0x00000000c0000000, 0x00000000c5500000, 0x00000000eab00000)
  object space 87040K, 65% used [0x00000000c0000000,0x00000000c3753c28,0x00000000c5500000)
 Metaspace       used 68898K, capacity 71806K, committed 71984K, reserved 1112064K
  class space    used 8949K, capacity 9511K, committed 9520K, reserved 1048576K
Event: 634.229 GC heap after
Heap after GC invocations=21 (full 6):
 PSYoungGen      total 324608K, used 0K [0x00000000eab00000, 0x00000000ffe80000, 0x0000000100000000)
  eden space 301568K, 0% used [0x00000000eab00000,0x00000000eab00000,0x00000000fd180000)
  from space 23040K, 0% used [0x00000000fd180000,0x00000000fd180000,0x00000000fe800000)
  to   space 23040K, 0% used [0x00000000fe800000,0x00000000fe800000,0x00000000ffe80000)
 ParOldGen       total 87040K, used 55518K [0x00000000c0000000, 0x00000000c5500000, 0x00000000eab00000)
  object space 87040K, 63% used [0x00000000c0000000,0x00000000c3637900,0x00000000c5500000)
 Metaspace       used 68895K, capacity 71798K, committed 71984K, reserved 1112064K
  class space    used 8948K, capacity 9509K, committed 9520K, reserved 1048576K
}
Event: 1227.700 GC heap before
{Heap before GC invocations=22 (full 6):
 PSYoungGen      total 324608K, used 301568K [0x00000000eab00000, 0x00000000ffe80000, 0x0000000100000000)
  eden space 301568K, 100% used [0x00000000eab00000,0x00000000fd180000,0x00000000fd180000)
  from space 23040K, 0% used [0x00000000fd180000,0x00000000fd180000,0x00000000fe800000)
  to   space 23040K, 0% used [0x00000000fe800000,0x00000000fe800000,0x00000000ffe80000)
 ParOldGen       total 87040K, used 55518K [0x00000000c0000000, 0x00000000c5500000, 0x00000000eab00000)
  object space 87040K, 63% used [0x00000000c0000000,0x00000000c3637900,0x00000000c5500000)
 Metaspace       used 69382K, capacity 72372K, committed 72624K, reserved 1112064K
  class space    used 8984K, capacity 9556K, committed 9648K, reserved 1048576K
Event: 1227.750 GC heap after
Heap after GC invocations=22 (full 6):
 PSYoungGen      total 325120K, used 7904K [0x00000000eab00000, 0x00000000ffe00000, 0x0000000100000000)
  eden space 302592K, 0% used [0x00000000eab00000,0x00000000eab00000,0x00000000fd280000)
  from space 22528K, 35% used [0x00000000fe800000,0x00000000fefb8020,0x00000000ffe00000)
  to   space 22016K, 0% used [0x00000000fd280000,0x00000000fd280000,0x00000000fe800000)
 ParOldGen       total 87040K, used 55526K [0x00000000c0000000, 0x00000000c5500000, 0x00000000eab00000)
  object space 87040K, 63% used [0x00000000c0000000,0x00000000c3639900,0x00000000c5500000)
 Metaspace       used 69382K, capacity 72372K, committed 72624K, reserved 1112064K
  class space    used 8984K, capacity 9556K, committed 9648K, reserved 1048576K
}
Event: 1237.380 GC heap before
{Heap before GC invocations=23 (full 6):
 PSYoungGen      total 325120K, used 310013K [0x00000000eab00000, 0x00000000ffe00000, 0x0000000100000000)
  eden space 302592K, 99% used [0x00000000eab00000,0x00000000fd207400,0x00000000fd280000)
  from space 22528K, 35% used [0x00000000fe800000,0x00000000fefb8020,0x00000000ffe00000)
  to   space 22016K, 0% used [0x00000000fd280000,0x00000000fd280000,0x00000000fe800000)
 ParOldGen       total 87040K, used 55526K [0x00000000c0000000, 0x00000000c5500000, 0x00000000eab00000)
  object space 87040K, 63% used [0x00000000c0000000,0x00000000c3639900,0x00000000c5500000)
 Metaspace       used 69767K, capacity 72876K, committed 73136K, reserved 1112064K
  class space    used 9012K, capacity 9608K, committed 9648K, reserved 1048576K
Event: 1237.400 GC heap after
Heap after GC invocations=23 (full 6):
 PSYoungGen      total 324608K, used 3286K [0x00000000eab00000, 0x00000000ffe80000, 0x0000000100000000)
  eden space 302592K, 0% used [0x00000000eab00000,0x00000000eab00000,0x00000000fd280000)
  from space 22016K, 14% used [0x00000000fd280000,0x00000000fd5b5b08,0x00000000fe800000)
  to   space 21504K, 0% used [0x00000000fe980000,0x00000000fe980000,0x00000000ffe80000)
 ParOldGen       total 87040K, used 60294K [0x00000000c0000000, 0x00000000c5500000, 0x00000000eab00000)
  object space 87040K, 69% used [0x00000000c0000000,0x00000000c3ae19e0,0x00000000c5500000)
 Metaspace       used 69767K, capacity 72876K, committed 73136K, reserved 1112064K
  class space    used 9012K, capacity 9608K, committed 9648K, reserved 1048576K
}
Event: 1246.204 GC heap before
{Heap before GC invocations=24 (full 6):
 PSYoungGen      total 324608K, used 305878K [0x00000000eab00000, 0x00000000ffe80000, 0x0000000100000000)
  eden space 302592K, 100% used [0x00000000eab00000,0x00000000fd280000,0x00000000fd280000)
  from space 22016K, 14% used [0x00000000fd280000,0x00000000fd5b5b08,0x00000000fe800000)
  to   space 21504K, 0% used [0x00000000fe980000,0x00000000fe980000,0x00000000ffe80000)
 ParOldGen       total 87040K, used 60294K [0x00000000c0000000, 0x00000000c5500000, 0x00000000eab00000)
  object space 87040K, 69% used [0x00000000c0000000,0x00000000c3ae19e0,0x00000000c5500000)
 Metaspace       used 71235K, capacity 74484K, committed 74672K, reserved 1114112K
  class space    used 9237K, capacity 9844K, committed 9904K, reserved 1048576K
Event: 1246.219 GC heap after
Heap after GC invocations=24 (full 6):
 PSYoungGen      total 326144K, used 5177K [0x00000000eab00000, 0x00000000ffd80000, 0x0000000100000000)
  eden space 305664K, 0% used [0x00000000eab00000,0x00000000eab00000,0x00000000fd580000)
  from space 20480K, 25% used [0x00000000fe980000,0x00000000fee8e490,0x00000000ffd80000)
  to   space 20480K, 0% used [0x00000000fd580000,0x00000000fd580000,0x00000000fe980000)
 ParOldGen       total 87040K, used 60302K [0x00000000c0000000, 0x00000000c5500000, 0x00000000eab00000)
  object space 87040K, 69% used [0x00000000c0000000,0x00000000c3ae39e0,0x00000000c5500000)
 Metaspace       used 71235K, capacity 74484K, committed 74672K, reserved 1114112K
  class space    used 9237K, capacity 9844K, committed 9904K, reserved 1048576K
}

